Removed Pin From Net: NetName=3V3 Pin=U4-1
Removed Pin From Net: NetName=VUSB Pin=U4-2
Removed Pin From Net: NetName=SDA Pin=U4-3
Removed Pin From Net: NetName=VUSB Pin=U4-4
Removed Pin From Net: NetName=SCL Pin=U4-5
Removed Pin From Net: NetName=GND Pin=U4-6
Removed Pin From Net: NetName=GND Pin=U4-9
Removed Pin From Net: NetName=PIN_PI_18 Pin=U4-12
Removed Pin From Net: NetName=GND Pin=U4-14
Removed Pin From Net: NetName=PIN_PI_23 Pin=U4-16
Removed Pin From Net: NetName=3V3 Pin=U4-17
Removed Pin From Net: NetName=PIN_PI_24 Pin=U4-18
Removed Pin From Net: NetName=PIN_PI_10 Pin=U4-19
Removed Pin From Net: NetName=GND Pin=U4-20
Removed Pin From Net: NetName=PIN_PI_17 Pin=U4-22
Removed Pin From Net: NetName=PIN_PI_27 Pin=U4-24
Removed Pin From Net: NetName=GND Pin=U4-25
Removed Pin From Net: NetName=PIN_PI_22 Pin=U4-26
Removed Pin From Net: NetName=GND Pin=U4-30
Removed Pin From Net: NetName=PIN_PI_12 Pin=U4-32
Removed Pin From Net: NetName=PIN_PI_13 Pin=U4-33
Removed Pin From Net: NetName=GND Pin=U4-34
Removed Pin From Net: NetName=Reset_Pot Pin=U4-35
Removed Pin From Net: NetName=Reset_Croco Pin=U4-36
Removed Pin From Net: NetName=PIN_PI_26 Pin=U4-37
Removed Pin From Net: NetName=Reset_Switch Pin=U4-38
Removed Pin From Net: NetName=GND Pin=U4-39
Removed Pin From Net: NetName=PIN_PI_21 Pin=U4-40
Removed Pin From Net: NetName=GND Pin=U4-S1
Removed Pin From Net: NetName=GND Pin=U4-S2
Removed Pin From Net: NetName=GND Pin=U4-S3
Removed Pin From Net: NetName=GND Pin=U4-S4
Removed Member From Class: ClassName=Raspberry_Pi_4_ModelB Member=U4
Added Component: Designator=J?(SAMTEC_TSW-120-25-G-D)
Add component (AddParameter): Name = "Availability"; Value = "Unavailable"; VariantName = "[No Variations]"
Add component (AddParameter): Name = "MF"; Value = ""; VariantName = "[No Variations]"
Add component (AddParameter): Name = "MP"; Value = "TSW-120-25-G-D"; VariantName = "[No Variations]"
Add component (AddParameter): Name = "Package"; Value = "None"; VariantName = "[No Variations]"
Add component (AddParameter): Name = "Price"; Value = "None"; VariantName = "[No Variations]"
Add component (AddParameter): Name = "Value"; Value = ""; VariantName = "[No Variations]"
Added Pin To Net: NetName=3V3 Pin=J?-01
Added Pin To Net: NetName=VUSB Pin=J?-02
Added Pin To Net: NetName=SDA Pin=J?-03
Added Pin To Net: NetName=VUSB Pin=J?-04
Added Pin To Net: NetName=SCL Pin=J?-05
Added Pin To Net: NetName=GND Pin=J?-06
Added Pin To Net: NetName=GND Pin=J?-09
Added Pin To Net: NetName=PIN_PI_18 Pin=J?-12
Added Pin To Net: NetName=GND Pin=J?-14
Added Pin To Net: NetName=PIN_PI_23 Pin=J?-16
Added Pin To Net: NetName=3V3 Pin=J?-17
Added Pin To Net: NetName=PIN_PI_24 Pin=J?-18
Added Pin To Net: NetName=PIN_PI_10 Pin=J?-19
Added Pin To Net: NetName=GND Pin=J?-20
Added Pin To Net: NetName=PIN_PI_17 Pin=J?-22
Added Pin To Net: NetName=PIN_PI_27 Pin=J?-24
Added Pin To Net: NetName=GND Pin=J?-25
Added Pin To Net: NetName=PIN_PI_22 Pin=J?-26
Added Pin To Net: NetName=GND Pin=J?-30
Added Pin To Net: NetName=PIN_PI_13 Pin=J?-31
Added Pin To Net: NetName=PIN_PI_12 Pin=J?-32
Added Pin To Net: NetName=GND Pin=J?-34
Added Pin To Net: NetName=Reset_Pot Pin=J?-35
Added Pin To Net: NetName=Reset_Croco Pin=J?-36
Added Pin To Net: NetName=PIN_PI_26 Pin=J?-37
Added Pin To Net: NetName=Reset_Switch Pin=J?-38
Added Pin To Net: NetName=GND Pin=J?-39
Added Pin To Net: NetName=PIN_PI_21 Pin=J?-40
Added Member To Class: ClassName=Raspberry_Pi_4_ModelB Member=Component J? TSW-120-25-G-D
