Added Component: Designator=C?(CAP TH ALPOLY D8.00mm S3.50mm H9.00mm)
Add component (AddParameter): Name = "Applications"; Value = "General Purpose"; VariantName = "[No Variations]"
Add component (AddParameter): Name = "Capacitance"; Value = "2.2 µF"; VariantName = "[No Variations]"
Add component (AddParameter): Name = "componentlink1description"; Value = "Datasheet"; VariantName = "[No Variations]"
Add component (AddParameter): Name = "componentlink1url"; Value = "https://api.kemet.com/component-edge/download/datasheet/A759KK225M2EAAE685.pdf"; VariantName = "[No Variations]"
Add component (AddParameter): Name = "componentlink2description"; Value = "DigiKey Link"; VariantName = "[No Variations]"
Add component (AddParameter): Name = "componentlink2url"; Value = "https://www.digikey.com/en/products/detail/kemet/A759KK225M2EAAE685/6196532"; VariantName = "[No Variations]"
Add component (AddParameter): Name = "Device Package"; Value = "Radial, Can"; VariantName = "[No Variations]"
Add component (AddParameter): Name = "ESR (Equivalent Series Resistance)"; Value = "685mOhm"; VariantName = "[No Variations]"
Add component (AddParameter): Name = "Height - Seated (Max)"; Value = "0.354" (9.00mm)"; VariantName = "[No Variations]"
Add component (AddParameter): Name = "lastupdated"; Value = "2024-06-03 20:25:07"; VariantName = "[No Variations]"
Add component (AddParameter): Name = "Lead Spacing"; Value = "0.138" (3.50mm)"; VariantName = "[No Variations]"
Add component (AddParameter): Name = "Lifecycle Status"; Value = "Active"; VariantName = "[No Variations]"
Add component (AddParameter): Name = "Lifetime @ Temp."; Value = "2000 Hrs @ 125°C"; VariantName = "[No Variations]"
Add component (AddParameter): Name = "manufacturer"; Value = "KEMET"; VariantName = "[No Variations]"
Add component (AddParameter): Name = "Minimum Order"; Value = "1"; VariantName = "[No Variations]"
Add component (AddParameter): Name = "Mounting Type"; Value = "Through Hole"; VariantName = "[No Variations]"
Add component (AddParameter): Name = "Operating Temperature"; Value = "-55°C ~ 125°C"; VariantName = "[No Variations]"
Add component (AddParameter): Name = "Package / Case"; Value = "Radial, Can"; VariantName = "[No Variations]"
Add component (AddParameter): Name = "packaging"; Value = "Bulk"; VariantName = "[No Variations]"
Add component (AddParameter): Name = "Part Number"; Value = "A759KK225M2EAAE685"; VariantName = "[No Variations]"
Add component (AddParameter): Name = "Part Status"; Value = "Active"; VariantName = "[No Variations]"
Add component (AddParameter): Name = "partid"; Value = "5245"; VariantName = "[No Variations]"
Add component (AddParameter): Name = "price"; Value = "0.37"; VariantName = "[No Variations]"
Add component (AddParameter): Name = "Ripple Current @ High Frequency"; Value = "210 mA @ 100 kHz"; VariantName = "[No Variations]"
Add component (AddParameter): Name = "Ripple Current @ Low Frequency"; Value = "10.5 mA @ 120 Hz"; VariantName = "[No Variations]"
Add component (AddParameter): Name = "series"; Value = "A759"; VariantName = "[No Variations]"
Add component (AddParameter): Name = "Size / Dimension"; Value = "0.315" Dia (8.00mm)"; VariantName = "[No Variations]"
Add component (AddParameter): Name = "Supplier 1"; Value = "DigiKey"; VariantName = "[No Variations]"
Add component (AddParameter): Name = "Supplier Part Number 1"; Value = "399-14156-ND"; VariantName = "[No Variations]"
Add component (AddParameter): Name = "Tolerance"; Value = "±20%"; VariantName = "[No Variations]"
Add component (AddParameter): Name = "Type"; Value = "Polymer"; VariantName = "[No Variations]"
Add component (AddParameter): Name = "Value"; Value = "2.2 µF"; VariantName = "[No Variations]"
Add component (AddParameter): Name = "Voltage - Rated"; Value = "250 V"; VariantName = "[No Variations]"
Add Component: Footprint Not Found REV_REVISION_CARTRIDGE_MINI
Add Component: Footprint Not Found SER_SERIAL_CARTRIDGE_MICRO
Added Member To Class: ClassName=Raspberry_Pi_4_ModelB Member=Component C? 2.2 µF
Add Class Member: Failed to add class member : Component REV1 Revision Cartridge Mini
Add Class Member: Failed to add class member : Component SER1 Serial Cartridge MICRO
