Added Component: Designator=MTH7(MTH_M3_NON_PLATED)
Add component (AddParameter): Name = "Assembly Note"; Value = ""; VariantName = "[No Variations]"
Add component (AddParameter): Name = "Assembly Type"; Value = "NONE"; VariantName = "[No Variations]"
Add component (AddParameter): Name = "Component Type"; Value = "Standard (No BOM)"; VariantName = "[No Variations]"
Add component (AddParameter): Name = "Design Item ID"; Value = "MTH_M3_NON_PLATED"; VariantName = "[No Variations]"
Add component (AddParameter): Name = "HelpURL"; Value = "https://littlemachineshop.com/images/gallery/PDF/TapDrillSizes.pdf"; VariantName = "[No Variations]"
Add component (AddParameter): Name = "Manufacturer #1"; Value = ""; VariantName = "[No Variations]"
Add component (AddParameter): Name = "Note"; Value = ""; VariantName = "[No Variations]"
Add component (AddParameter): Name = "Package"; Value = "M3"; VariantName = "[No Variations]"
Add component (AddParameter): Name = "Part Number #1"; Value = ""; VariantName = "[No Variations]"
Add component (AddParameter): Name = "Pin Count"; Value = "0"; VariantName = "[No Variations]"
Add component (AddParameter): Name = "Polarized"; Value = ""; VariantName = "[No Variations]"
Add component (AddParameter): Name = "Power Max"; Value = ""; VariantName = "[No Variations]"
Add component (AddParameter): Name = "Source"; Value = "CEGEP_SHERBROOKE_TGE_LIBRARY.SchLib"; VariantName = "[No Variations]"
Add component (AddParameter): Name = "Value"; Value = ""; VariantName = "[No Variations]"
Added Component: Designator=MTH8(MTH_M3_NON_PLATED)
Add component (AddParameter): Name = "Assembly Note"; Value = ""; VariantName = "[No Variations]"
Add component (AddParameter): Name = "Assembly Type"; Value = "NONE"; VariantName = "[No Variations]"
Add component (AddParameter): Name = "Component Type"; Value = "Standard (No BOM)"; VariantName = "[No Variations]"
Add component (AddParameter): Name = "Design Item ID"; Value = "MTH_M3_NON_PLATED"; VariantName = "[No Variations]"
Add component (AddParameter): Name = "HelpURL"; Value = "https://littlemachineshop.com/images/gallery/PDF/TapDrillSizes.pdf"; VariantName = "[No Variations]"
Add component (AddParameter): Name = "Manufacturer #1"; Value = ""; VariantName = "[No Variations]"
Add component (AddParameter): Name = "Note"; Value = ""; VariantName = "[No Variations]"
Add component (AddParameter): Name = "Package"; Value = "M3"; VariantName = "[No Variations]"
Add component (AddParameter): Name = "Part Number #1"; Value = ""; VariantName = "[No Variations]"
Add component (AddParameter): Name = "Pin Count"; Value = "0"; VariantName = "[No Variations]"
Add component (AddParameter): Name = "Polarized"; Value = ""; VariantName = "[No Variations]"
Add component (AddParameter): Name = "Power Max"; Value = ""; VariantName = "[No Variations]"
Add component (AddParameter): Name = "Source"; Value = "CEGEP_SHERBROOKE_TGE_LIBRARY.SchLib"; VariantName = "[No Variations]"
Add component (AddParameter): Name = "Value"; Value = ""; VariantName = "[No Variations]"
Add Component: Footprint Not Found REV_REVISION_CARTRIDGE_MINI
Add Component: Footprint Not Found SER_SERIAL_CARTRIDGE_MICRO
Added Member To Class: ClassName=Raspberry_Pi_4_ModelB Member=Component MTH7 MTH_M3_NON_PLATED
Added Member To Class: ClassName=Raspberry_Pi_4_ModelB Member=Component MTH8 MTH_M3_NON_PLATED
Add Class Member: Failed to add class member : Component REV1 Revision Cartridge Mini
Add Class Member: Failed to add class member : Component SER1 Serial Cartridge MICRO
