Removed Pin From Net: NetName=VUSB Pin=C4-1
Removed Pin From Net: NetName=GND Pin=C4-2
Removed Pin From Net: NetName=VUSB Pin=U4-2
Removed Pin From Net: NetName=VUSB Pin=U4-4
Removed Member From Class: ClassName=Raspberry_Pi_4_ModelB Member=C4
Added Component: Designator=J?(FP-DX07S016JA1R1500-MFG)
Added Component: Designator=R?(Res_Template)
Added Component: Designator=R?(Res_Template)
Added Pin To Net: NetName=GND Pin=J?-1
Added Pin To Net: NetName=GND Pin=J?-2
Added Pin To Net: NetName=GND Pin=J?-3
Added Pin To Net: NetName=GND Pin=J?-4
Added Pin To Net: NetName=GND Pin=J?-5
Added Pin To Net: NetName=GND Pin=J?-6
Added Pin To Net: NetName=GND Pin=J?-A1/B12
Added Pin To Net: NetName=VUSB Pin=J?-A4/B9
Added Pin To Net: NetName=GND Pin=J?-A12/B1
Added Pin To Net: NetName=VUSB Pin=J?-B4/A9
Added Pin To Net: NetName=GND Pin=R?-1
Added Pin To Net: NetName=GND Pin=R?-1
Added Pin To Net: NetName=NetJ?_A5 Pin=J?-A5
Added Pin To Net: NetName=NetJ?_A5 Pin=R?-2
Added Net: Name=NetJ?_A5
Added Pin To Net: NetName=NetJ?_B5 Pin=J?-B5
Added Pin To Net: NetName=NetJ?_B5 Pin=R?-2
Added Net: Name=NetJ?_B5
Added Member To Class: ClassName=Alimentation_USB_Header Member=Component J? DX07S016JA1R1500
Added Member To Class: ClassName=Alimentation_USB_Header Member=Component R? 5.1 Kohm
Added Member To Class: ClassName=Alimentation_USB_Header Member=Component R? 5.1 Kohm
