Removed Pin From Net: NetName=5V Pin=J22-1
Removed Pin From Net: NetName=NetJ22_2 Pin=U4-33
Removed Pin From Net: NetName=NetJ22_3 Pin=U4-37
Change Component Footprint: Designator=J16 Old Footprint=MOLEX KK 0022272031 New Footprint=CON_HDR_1x3
Change Component Footprint: Designator=J4 Old Footprint=MOLEX KK 0022272081 New Footprint=CON_HDR_1x8
Change Component Footprint: Designator=J11 Old Footprint=MOLEX KK 0022272081 New Footprint=CON_HDR_1x8
Change Component Comment : Designator=R17 Old Comment=470 ohm New Comment=4.7 Kohm
Change Component Comment : Designator=R18 Old Comment=470 ohm New Comment=4.7 Kohm
Change Component Comment : Designator=J16 Old Comment=0022272031 New Comment=CON_HDR_1X3
Change Component Comment : Designator=J4 Old Comment=0022272081 New Comment=CON_HDR_1X8
Change Component Comment : Designator=J11 Old Comment=0022272081 New Comment=CON_HDR_1X8
Change Component Designator: OldDesignator=R3 NewDesignator=R4
Change Component Designator: OldDesignator=R4 NewDesignator=R5
Change Component Designator: OldDesignator=R5 NewDesignator=R6
Change Component Designator: OldDesignator=R6 NewDesignator=R7
Change Component Designator: OldDesignator=R7 NewDesignator=R8
Change Component Designator: OldDesignator=R8 NewDesignator=R9
Change Component Designator: OldDesignator=R9 NewDesignator=R11
Change Component Designator: OldDesignator=R10 NewDesignator=R12
Change Component Designator: OldDesignator=R11 NewDesignator=R13
Change Component Designator: OldDesignator=R12 NewDesignator=R14
Change Component Designator: OldDesignator=R13 NewDesignator=R15
Change Component Designator: OldDesignator=R14 NewDesignator=R16
Change Component Designator: OldDesignator=R15 NewDesignator=R17
Change Component Designator: OldDesignator=R16 NewDesignator=R18
Change Component Designator: OldDesignator=R17 NewDesignator=R22
Change Component Designator: OldDesignator=R18 NewDesignator=R23
Change Component Designator: OldDesignator=R19 NewDesignator=R20
Change Component Designator: OldDesignator=R20 NewDesignator=R21
Change Component Designator: OldDesignator=R21 NewDesignator=R24
Change Component Designator: OldDesignator=R22 NewDesignator=R25
Change Managed Component Library Link : Designator=J4 Old VaultGUID= New VaultGUID=8051A890-20B5-4808-9216-C54EAAAEFA7E Old ItemGUID= New ItemGUID=FC5B8351-6449-4126-88CC-7C844A75F82B Old RevisionGUID= New RevisionGUID=174C9F8B-1FEE-4FAF-92A8-D8095E76571F
Change Managed Component Library Link : Designator=J11 Old VaultGUID= New VaultGUID=8051A890-20B5-4808-9216-C54EAAAEFA7E Old ItemGUID= New ItemGUID=FC5B8351-6449-4126-88CC-7C844A75F82B Old RevisionGUID= New RevisionGUID=174C9F8B-1FEE-4FAF-92A8-D8095E76571F
Change Managed Component Library Link : Designator=J16 Old VaultGUID= New VaultGUID=8051A890-20B5-4808-9216-C54EAAAEFA7E Old ItemGUID= New ItemGUID=249FA6B7-87F1-4F0C-88D9-C29417338A8F Old RevisionGUID= New RevisionGUID=A093CECB-F1BA-4A7D-A271-0AF52D88B0F7
Change component parameters: Designator = "J4" ("J4"); Footprint = "MOLEX KK 0022272081"; UniqueID = "\RCUHQSIP" ("\RCUHQSIP")
Change component parameters (AddParameter): Name = "Assembly Note"; Value = ""; VariantName = "[No Variations]"
Change component parameters (AddParameter): Name = "Assembly Type"; Value = "TH"; VariantName = "[No Variations]"
Change component parameters (AddParameter): Name = "Component Type"; Value = "Standard"; VariantName = "[No Variations]"
Change component parameters (AddParameter): Name = "Design Item ID"; Value = "CON_HDR_1X8"; VariantName = "[No Variations]"
Change component parameters (AddParameter): Name = "HelpURL"; Value = ""; VariantName = "[No Variations]"
Change component parameters (AddParameter): Name = "Manufacturer #1"; Value = ""; VariantName = "[No Variations]"
Change component parameters (AddParameter): Name = "Note"; Value = ""; VariantName = "[No Variations]"
Change component parameters (AddParameter): Name = "Package"; Value = "TH-8"; VariantName = "[No Variations]"
Change component parameters (AddParameter): Name = "Part Number #1"; Value = ""; VariantName = "[No Variations]"
Change component parameters (AddParameter): Name = "Pin Count"; Value = "8"; VariantName = "[No Variations]"
Change component parameters (AddParameter): Name = "Polarized"; Value = "No"; VariantName = "[No Variations]"
Change component parameters (AddParameter): Name = "Power Max"; Value = ""; VariantName = "[No Variations]"
Change component parameters (AddParameter): Name = "Source"; Value = "CEGEP_SHERBROOKE_TGE_LIBRARY.SchLib"; VariantName = "[No Variations]"
Change component parameters: Designator = "J11" ("J11"); Footprint = "MOLEX KK 0022272081"; UniqueID = "\HFOGEJGN" ("\HFOGEJGN")
Change component parameters (AddParameter): Name = "Assembly Note"; Value = ""; VariantName = "[No Variations]"
Change component parameters (AddParameter): Name = "Assembly Type"; Value = "TH"; VariantName = "[No Variations]"
Change component parameters (AddParameter): Name = "Component Type"; Value = "Standard"; VariantName = "[No Variations]"
Change component parameters (AddParameter): Name = "Design Item ID"; Value = "CON_HDR_1X8"; VariantName = "[No Variations]"
Change component parameters (AddParameter): Name = "HelpURL"; Value = ""; VariantName = "[No Variations]"
Change component parameters (AddParameter): Name = "Manufacturer #1"; Value = ""; VariantName = "[No Variations]"
Change component parameters (AddParameter): Name = "Note"; Value = ""; VariantName = "[No Variations]"
Change component parameters (AddParameter): Name = "Package"; Value = "TH-8"; VariantName = "[No Variations]"
Change component parameters (AddParameter): Name = "Part Number #1"; Value = ""; VariantName = "[No Variations]"
Change component parameters (AddParameter): Name = "Pin Count"; Value = "8"; VariantName = "[No Variations]"
Change component parameters (AddParameter): Name = "Polarized"; Value = "No"; VariantName = "[No Variations]"
Change component parameters (AddParameter): Name = "Power Max"; Value = ""; VariantName = "[No Variations]"
Change component parameters (AddParameter): Name = "Source"; Value = "CEGEP_SHERBROOKE_TGE_LIBRARY.SchLib"; VariantName = "[No Variations]"
Change component parameters: Designator = "J16" ("J16"); Footprint = "MOLEX KK 0022272031"; UniqueID = "\ZKJWGFKB" ("\ZKJWGFKB")
Change component parameters (AddParameter): Name = "Assembly Note"; Value = ""; VariantName = "[No Variations]"
Change component parameters (AddParameter): Name = "Assembly Type"; Value = "TH"; VariantName = "[No Variations]"
Change component parameters (AddParameter): Name = "Component Type"; Value = "Standard"; VariantName = "[No Variations]"
Change component parameters (AddParameter): Name = "Design Item ID"; Value = "CON_HDR_1X3"; VariantName = "[No Variations]"
Change component parameters (AddParameter): Name = "HelpURL"; Value = ""; VariantName = "[No Variations]"
Change component parameters (AddParameter): Name = "Manufacturer #1"; Value = ""; VariantName = "[No Variations]"
Change component parameters (AddParameter): Name = "Note"; Value = ""; VariantName = "[No Variations]"
Change component parameters (AddParameter): Name = "Package"; Value = "TH"; VariantName = "[No Variations]"
Change component parameters (AddParameter): Name = "Part Number #1"; Value = ""; VariantName = "[No Variations]"
Change component parameters (AddParameter): Name = "Pin Count"; Value = "3"; VariantName = "[No Variations]"
Change component parameters (AddParameter): Name = "Polarized"; Value = "No"; VariantName = "[No Variations]"
Change component parameters (AddParameter): Name = "Power Max"; Value = ""; VariantName = "[No Variations]"
Change component parameters (AddParameter): Name = "Source"; Value = "CEGEP_SHERBROOKE_TGE_LIBRARY.SchLib"; VariantName = "[No Variations]"
Added Component: Designator=C1(CAP POL 1206_3216)
Add component (AddParameter): Name = "Capacitance"; Value = "100 nF"; VariantName = "[No Variations]"
Add component (AddParameter): Name = "componentlink1description"; Value = "Datasheet"; VariantName = "[No Variations]"
Add component (AddParameter): Name = "componentlink1url"; Value = "https://www.niccomp.com/quickbuilder/qbpn.php?pNumber=NTC-T104K35TRAF"; VariantName = "[No Variations]"
Add component (AddParameter): Name = "componentlink2description"; Value = "DigiKey Link"; VariantName = "[No Variations]"
Add component (AddParameter): Name = "componentlink2url"; Value = "https://www.digikey.com/en/products/detail/nic-components-corp/NTC-T104K35TRAF/18896046"; VariantName = "[No Variations]"
Add component (AddParameter): Name = "Device Package"; Value = "1206 (3216 Metric)"; VariantName = "[No Variations]"
Add component (AddParameter): Name = "ESR (Equivalent Series Resistance)"; Value = "18Ohm @ 100kHz"; VariantName = "[No Variations]"
Add component (AddParameter): Name = "Features"; Value = "General Purpose"; VariantName = "[No Variations]"
Add component (AddParameter): Name = "Height - Seated (Max)"; Value = "0.071" (1.80mm)"; VariantName = "[No Variations]"
Add component (AddParameter): Name = "lastupdated"; Value = "2024-06-03 19:29:27"; VariantName = "[No Variations]"
Add component (AddParameter): Name = "Lifecycle Status"; Value = "Active"; VariantName = "[No Variations]"
Add component (AddParameter): Name = "Lifetime @ Temp."; Value = "2000 Hrs @ 85°C"; VariantName = "[No Variations]"
Add component (AddParameter): Name = "manufacturer"; Value = "NIC Components Corp"; VariantName = "[No Variations]"
Add component (AddParameter): Name = "Manufacturer Size Code"; Value = "A"; VariantName = "[No Variations]"
Add component (AddParameter): Name = "Minimum Order"; Value = "1"; VariantName = "[No Variations]"
Add component (AddParameter): Name = "Mounting Type"; Value = "Surface Mount"; VariantName = "[No Variations]"
Add component (AddParameter): Name = "Operating Temperature"; Value = "-55°C ~ 125°C"; VariantName = "[No Variations]"
Add component (AddParameter): Name = "Package / Case"; Value = "1206 (3216 Metric)"; VariantName = "[No Variations]"
Add component (AddParameter): Name = "packaging"; Value = "TapeAndReel"; VariantName = "[No Variations]"
Add component (AddParameter): Name = "Part Number"; Value = "NTC-T104K35TRAF"; VariantName = "[No Variations]"
Add component (AddParameter): Name = "partid"; Value = "5482"; VariantName = "[No Variations]"
Add component (AddParameter): Name = "price"; Value = "0.21"; VariantName = "[No Variations]"
Add component (AddParameter): Name = "series"; Value = "NTC-T"; VariantName = "[No Variations]"
Add component (AddParameter): Name = "Size / Dimension"; Value = "0.126" L x 0.063" W (3.20mm x 1.60mm)"; VariantName = "[No Variations]"
Add component (AddParameter): Name = "Supplier 1"; Value = "DigiKey"; VariantName = "[No Variations]"
Add component (AddParameter): Name = "Supplier Part Number 1"; Value = "4988-NTC-T104K35TRAFCT-ND"; VariantName = "[No Variations]"
Add component (AddParameter): Name = "Tolerance"; Value = "±10%"; VariantName = "[No Variations]"
Add component (AddParameter): Name = "Type"; Value = "Molded"; VariantName = "[No Variations]"
Add component (AddParameter): Name = "Value"; Value = "100 nF"; VariantName = "[No Variations]"
Add component (AddParameter): Name = "Voltage - Rated"; Value = "35 V"; VariantName = "[No Variations]"
Added Component: Designator=C2(CAP POL 1206_3216)
Add component (AddParameter): Name = "Capacitance"; Value = "100 nF"; VariantName = "[No Variations]"
Add component (AddParameter): Name = "componentlink1description"; Value = "Datasheet"; VariantName = "[No Variations]"
Add component (AddParameter): Name = "componentlink1url"; Value = "https://www.niccomp.com/quickbuilder/qbpn.php?pNumber=NTC-T104K35TRAF"; VariantName = "[No Variations]"
Add component (AddParameter): Name = "componentlink2description"; Value = "DigiKey Link"; VariantName = "[No Variations]"
Add component (AddParameter): Name = "componentlink2url"; Value = "https://www.digikey.com/en/products/detail/nic-components-corp/NTC-T104K35TRAF/18896046"; VariantName = "[No Variations]"
Add component (AddParameter): Name = "Device Package"; Value = "1206 (3216 Metric)"; VariantName = "[No Variations]"
Add component (AddParameter): Name = "ESR (Equivalent Series Resistance)"; Value = "18Ohm @ 100kHz"; VariantName = "[No Variations]"
Add component (AddParameter): Name = "Features"; Value = "General Purpose"; VariantName = "[No Variations]"
Add component (AddParameter): Name = "Height - Seated (Max)"; Value = "0.071" (1.80mm)"; VariantName = "[No Variations]"
Add component (AddParameter): Name = "lastupdated"; Value = "2024-06-03 19:29:27"; VariantName = "[No Variations]"
Add component (AddParameter): Name = "Lifecycle Status"; Value = "Active"; VariantName = "[No Variations]"
Add component (AddParameter): Name = "Lifetime @ Temp."; Value = "2000 Hrs @ 85°C"; VariantName = "[No Variations]"
Add component (AddParameter): Name = "manufacturer"; Value = "NIC Components Corp"; VariantName = "[No Variations]"
Add component (AddParameter): Name = "Manufacturer Size Code"; Value = "A"; VariantName = "[No Variations]"
Add component (AddParameter): Name = "Minimum Order"; Value = "1"; VariantName = "[No Variations]"
Add component (AddParameter): Name = "Mounting Type"; Value = "Surface Mount"; VariantName = "[No Variations]"
Add component (AddParameter): Name = "Operating Temperature"; Value = "-55°C ~ 125°C"; VariantName = "[No Variations]"
Add component (AddParameter): Name = "Package / Case"; Value = "1206 (3216 Metric)"; VariantName = "[No Variations]"
Add component (AddParameter): Name = "packaging"; Value = "TapeAndReel"; VariantName = "[No Variations]"
Add component (AddParameter): Name = "Part Number"; Value = "NTC-T104K35TRAF"; VariantName = "[No Variations]"
Add component (AddParameter): Name = "partid"; Value = "5482"; VariantName = "[No Variations]"
Add component (AddParameter): Name = "price"; Value = "0.21"; VariantName = "[No Variations]"
Add component (AddParameter): Name = "series"; Value = "NTC-T"; VariantName = "[No Variations]"
Add component (AddParameter): Name = "Size / Dimension"; Value = "0.126" L x 0.063" W (3.20mm x 1.60mm)"; VariantName = "[No Variations]"
Add component (AddParameter): Name = "Supplier 1"; Value = "DigiKey"; VariantName = "[No Variations]"
Add component (AddParameter): Name = "Supplier Part Number 1"; Value = "4988-NTC-T104K35TRAFCT-ND"; VariantName = "[No Variations]"
Add component (AddParameter): Name = "Tolerance"; Value = "±10%"; VariantName = "[No Variations]"
Add component (AddParameter): Name = "Type"; Value = "Molded"; VariantName = "[No Variations]"
Add component (AddParameter): Name = "Value"; Value = "100 nF"; VariantName = "[No Variations]"
Add component (AddParameter): Name = "Voltage - Rated"; Value = "35 V"; VariantName = "[No Variations]"
Added Component: Designator=C3(CAP POL 1206_3216)
Add component (AddParameter): Name = "Capacitance"; Value = "100 nF"; VariantName = "[No Variations]"
Add component (AddParameter): Name = "componentlink1description"; Value = "Datasheet"; VariantName = "[No Variations]"
Add component (AddParameter): Name = "componentlink1url"; Value = "https://www.niccomp.com/quickbuilder/qbpn.php?pNumber=NTC-T104K35TRAF"; VariantName = "[No Variations]"
Add component (AddParameter): Name = "componentlink2description"; Value = "DigiKey Link"; VariantName = "[No Variations]"
Add component (AddParameter): Name = "componentlink2url"; Value = "https://www.digikey.com/en/products/detail/nic-components-corp/NTC-T104K35TRAF/18896046"; VariantName = "[No Variations]"
Add component (AddParameter): Name = "Device Package"; Value = "1206 (3216 Metric)"; VariantName = "[No Variations]"
Add component (AddParameter): Name = "ESR (Equivalent Series Resistance)"; Value = "18Ohm @ 100kHz"; VariantName = "[No Variations]"
Add component (AddParameter): Name = "Features"; Value = "General Purpose"; VariantName = "[No Variations]"
Add component (AddParameter): Name = "Height - Seated (Max)"; Value = "0.071" (1.80mm)"; VariantName = "[No Variations]"
Add component (AddParameter): Name = "lastupdated"; Value = "2024-06-03 19:29:27"; VariantName = "[No Variations]"
Add component (AddParameter): Name = "Lifecycle Status"; Value = "Active"; VariantName = "[No Variations]"
Add component (AddParameter): Name = "Lifetime @ Temp."; Value = "2000 Hrs @ 85°C"; VariantName = "[No Variations]"
Add component (AddParameter): Name = "manufacturer"; Value = "NIC Components Corp"; VariantName = "[No Variations]"
Add component (AddParameter): Name = "Manufacturer Size Code"; Value = "A"; VariantName = "[No Variations]"
Add component (AddParameter): Name = "Minimum Order"; Value = "1"; VariantName = "[No Variations]"
Add component (AddParameter): Name = "Mounting Type"; Value = "Surface Mount"; VariantName = "[No Variations]"
Add component (AddParameter): Name = "Operating Temperature"; Value = "-55°C ~ 125°C"; VariantName = "[No Variations]"
Add component (AddParameter): Name = "Package / Case"; Value = "1206 (3216 Metric)"; VariantName = "[No Variations]"
Add component (AddParameter): Name = "packaging"; Value = "TapeAndReel"; VariantName = "[No Variations]"
Add component (AddParameter): Name = "Part Number"; Value = "NTC-T104K35TRAF"; VariantName = "[No Variations]"
Add component (AddParameter): Name = "partid"; Value = "5482"; VariantName = "[No Variations]"
Add component (AddParameter): Name = "price"; Value = "0.21"; VariantName = "[No Variations]"
Add component (AddParameter): Name = "series"; Value = "NTC-T"; VariantName = "[No Variations]"
Add component (AddParameter): Name = "Size / Dimension"; Value = "0.126" L x 0.063" W (3.20mm x 1.60mm)"; VariantName = "[No Variations]"
Add component (AddParameter): Name = "Supplier 1"; Value = "DigiKey"; VariantName = "[No Variations]"
Add component (AddParameter): Name = "Supplier Part Number 1"; Value = "4988-NTC-T104K35TRAFCT-ND"; VariantName = "[No Variations]"
Add component (AddParameter): Name = "Tolerance"; Value = "±10%"; VariantName = "[No Variations]"
Add component (AddParameter): Name = "Type"; Value = "Molded"; VariantName = "[No Variations]"
Add component (AddParameter): Name = "Value"; Value = "100 nF"; VariantName = "[No Variations]"
Add component (AddParameter): Name = "Voltage - Rated"; Value = "35 V"; VariantName = "[No Variations]"
Added Component: Designator=C4(CAP POL 1206_3216)
Add component (AddParameter): Name = "Capacitance"; Value = "100 nF"; VariantName = "[No Variations]"
Add component (AddParameter): Name = "componentlink1description"; Value = "Datasheet"; VariantName = "[No Variations]"
Add component (AddParameter): Name = "componentlink1url"; Value = "https://www.niccomp.com/quickbuilder/qbpn.php?pNumber=NTC-T104K35TRAF"; VariantName = "[No Variations]"
Add component (AddParameter): Name = "componentlink2description"; Value = "DigiKey Link"; VariantName = "[No Variations]"
Add component (AddParameter): Name = "componentlink2url"; Value = "https://www.digikey.com/en/products/detail/nic-components-corp/NTC-T104K35TRAF/18896046"; VariantName = "[No Variations]"
Add component (AddParameter): Name = "Device Package"; Value = "1206 (3216 Metric)"; VariantName = "[No Variations]"
Add component (AddParameter): Name = "ESR (Equivalent Series Resistance)"; Value = "18Ohm @ 100kHz"; VariantName = "[No Variations]"
Add component (AddParameter): Name = "Features"; Value = "General Purpose"; VariantName = "[No Variations]"
Add component (AddParameter): Name = "Height - Seated (Max)"; Value = "0.071" (1.80mm)"; VariantName = "[No Variations]"
Add component (AddParameter): Name = "lastupdated"; Value = "2024-06-03 19:29:27"; VariantName = "[No Variations]"
Add component (AddParameter): Name = "Lifecycle Status"; Value = "Active"; VariantName = "[No Variations]"
Add component (AddParameter): Name = "Lifetime @ Temp."; Value = "2000 Hrs @ 85°C"; VariantName = "[No Variations]"
Add component (AddParameter): Name = "manufacturer"; Value = "NIC Components Corp"; VariantName = "[No Variations]"
Add component (AddParameter): Name = "Manufacturer Size Code"; Value = "A"; VariantName = "[No Variations]"
Add component (AddParameter): Name = "Minimum Order"; Value = "1"; VariantName = "[No Variations]"
Add component (AddParameter): Name = "Mounting Type"; Value = "Surface Mount"; VariantName = "[No Variations]"
Add component (AddParameter): Name = "Operating Temperature"; Value = "-55°C ~ 125°C"; VariantName = "[No Variations]"
Add component (AddParameter): Name = "Package / Case"; Value = "1206 (3216 Metric)"; VariantName = "[No Variations]"
Add component (AddParameter): Name = "packaging"; Value = "TapeAndReel"; VariantName = "[No Variations]"
Add component (AddParameter): Name = "Part Number"; Value = "NTC-T104K35TRAF"; VariantName = "[No Variations]"
Add component (AddParameter): Name = "partid"; Value = "5482"; VariantName = "[No Variations]"
Add component (AddParameter): Name = "price"; Value = "0.21"; VariantName = "[No Variations]"
Add component (AddParameter): Name = "series"; Value = "NTC-T"; VariantName = "[No Variations]"
Add component (AddParameter): Name = "Size / Dimension"; Value = "0.126" L x 0.063" W (3.20mm x 1.60mm)"; VariantName = "[No Variations]"
Add component (AddParameter): Name = "Supplier 1"; Value = "DigiKey"; VariantName = "[No Variations]"
Add component (AddParameter): Name = "Supplier Part Number 1"; Value = "4988-NTC-T104K35TRAFCT-ND"; VariantName = "[No Variations]"
Add component (AddParameter): Name = "Tolerance"; Value = "±10%"; VariantName = "[No Variations]"
Add component (AddParameter): Name = "Type"; Value = "Molded"; VariantName = "[No Variations]"
Add component (AddParameter): Name = "Value"; Value = "100 nF"; VariantName = "[No Variations]"
Add component (AddParameter): Name = "Voltage - Rated"; Value = "35 V"; VariantName = "[No Variations]"
Added Component: Designator=C5(CAP POL 1206_3216)
Add component (AddParameter): Name = "Capacitance"; Value = "100 nF"; VariantName = "[No Variations]"
Add component (AddParameter): Name = "componentlink1description"; Value = "Datasheet"; VariantName = "[No Variations]"
Add component (AddParameter): Name = "componentlink1url"; Value = "https://www.niccomp.com/quickbuilder/qbpn.php?pNumber=NTC-T104K35TRAF"; VariantName = "[No Variations]"
Add component (AddParameter): Name = "componentlink2description"; Value = "DigiKey Link"; VariantName = "[No Variations]"
Add component (AddParameter): Name = "componentlink2url"; Value = "https://www.digikey.com/en/products/detail/nic-components-corp/NTC-T104K35TRAF/18896046"; VariantName = "[No Variations]"
Add component (AddParameter): Name = "Device Package"; Value = "1206 (3216 Metric)"; VariantName = "[No Variations]"
Add component (AddParameter): Name = "ESR (Equivalent Series Resistance)"; Value = "18Ohm @ 100kHz"; VariantName = "[No Variations]"
Add component (AddParameter): Name = "Features"; Value = "General Purpose"; VariantName = "[No Variations]"
Add component (AddParameter): Name = "Height - Seated (Max)"; Value = "0.071" (1.80mm)"; VariantName = "[No Variations]"
Add component (AddParameter): Name = "lastupdated"; Value = "2024-06-03 19:29:27"; VariantName = "[No Variations]"
Add component (AddParameter): Name = "Lifecycle Status"; Value = "Active"; VariantName = "[No Variations]"
Add component (AddParameter): Name = "Lifetime @ Temp."; Value = "2000 Hrs @ 85°C"; VariantName = "[No Variations]"
Add component (AddParameter): Name = "manufacturer"; Value = "NIC Components Corp"; VariantName = "[No Variations]"
Add component (AddParameter): Name = "Manufacturer Size Code"; Value = "A"; VariantName = "[No Variations]"
Add component (AddParameter): Name = "Minimum Order"; Value = "1"; VariantName = "[No Variations]"
Add component (AddParameter): Name = "Mounting Type"; Value = "Surface Mount"; VariantName = "[No Variations]"
Add component (AddParameter): Name = "Operating Temperature"; Value = "-55°C ~ 125°C"; VariantName = "[No Variations]"
Add component (AddParameter): Name = "Package / Case"; Value = "1206 (3216 Metric)"; VariantName = "[No Variations]"
Add component (AddParameter): Name = "packaging"; Value = "TapeAndReel"; VariantName = "[No Variations]"
Add component (AddParameter): Name = "Part Number"; Value = "NTC-T104K35TRAF"; VariantName = "[No Variations]"
Add component (AddParameter): Name = "partid"; Value = "5482"; VariantName = "[No Variations]"
Add component (AddParameter): Name = "price"; Value = "0.21"; VariantName = "[No Variations]"
Add component (AddParameter): Name = "series"; Value = "NTC-T"; VariantName = "[No Variations]"
Add component (AddParameter): Name = "Size / Dimension"; Value = "0.126" L x 0.063" W (3.20mm x 1.60mm)"; VariantName = "[No Variations]"
Add component (AddParameter): Name = "Supplier 1"; Value = "DigiKey"; VariantName = "[No Variations]"
Add component (AddParameter): Name = "Supplier Part Number 1"; Value = "4988-NTC-T104K35TRAFCT-ND"; VariantName = "[No Variations]"
Add component (AddParameter): Name = "Tolerance"; Value = "±10%"; VariantName = "[No Variations]"
Add component (AddParameter): Name = "Type"; Value = "Molded"; VariantName = "[No Variations]"
Add component (AddParameter): Name = "Value"; Value = "100 nF"; VariantName = "[No Variations]"
Add component (AddParameter): Name = "Voltage - Rated"; Value = "35 V"; VariantName = "[No Variations]"
Added Component: Designator=C6(CAP POL 1206_3216)
Add component (AddParameter): Name = "Capacitance"; Value = "100 nF"; VariantName = "[No Variations]"
Add component (AddParameter): Name = "componentlink1description"; Value = "Datasheet"; VariantName = "[No Variations]"
Add component (AddParameter): Name = "componentlink1url"; Value = "https://www.niccomp.com/quickbuilder/qbpn.php?pNumber=NTC-T104K35TRAF"; VariantName = "[No Variations]"
Add component (AddParameter): Name = "componentlink2description"; Value = "DigiKey Link"; VariantName = "[No Variations]"
Add component (AddParameter): Name = "componentlink2url"; Value = "https://www.digikey.com/en/products/detail/nic-components-corp/NTC-T104K35TRAF/18896046"; VariantName = "[No Variations]"
Add component (AddParameter): Name = "Device Package"; Value = "1206 (3216 Metric)"; VariantName = "[No Variations]"
Add component (AddParameter): Name = "ESR (Equivalent Series Resistance)"; Value = "18Ohm @ 100kHz"; VariantName = "[No Variations]"
Add component (AddParameter): Name = "Features"; Value = "General Purpose"; VariantName = "[No Variations]"
Add component (AddParameter): Name = "Height - Seated (Max)"; Value = "0.071" (1.80mm)"; VariantName = "[No Variations]"
Add component (AddParameter): Name = "lastupdated"; Value = "2024-06-03 19:29:27"; VariantName = "[No Variations]"
Add component (AddParameter): Name = "Lifecycle Status"; Value = "Active"; VariantName = "[No Variations]"
Add component (AddParameter): Name = "Lifetime @ Temp."; Value = "2000 Hrs @ 85°C"; VariantName = "[No Variations]"
Add component (AddParameter): Name = "manufacturer"; Value = "NIC Components Corp"; VariantName = "[No Variations]"
Add component (AddParameter): Name = "Manufacturer Size Code"; Value = "A"; VariantName = "[No Variations]"
Add component (AddParameter): Name = "Minimum Order"; Value = "1"; VariantName = "[No Variations]"
Add component (AddParameter): Name = "Mounting Type"; Value = "Surface Mount"; VariantName = "[No Variations]"
Add component (AddParameter): Name = "Operating Temperature"; Value = "-55°C ~ 125°C"; VariantName = "[No Variations]"
Add component (AddParameter): Name = "Package / Case"; Value = "1206 (3216 Metric)"; VariantName = "[No Variations]"
Add component (AddParameter): Name = "packaging"; Value = "TapeAndReel"; VariantName = "[No Variations]"
Add component (AddParameter): Name = "Part Number"; Value = "NTC-T104K35TRAF"; VariantName = "[No Variations]"
Add component (AddParameter): Name = "partid"; Value = "5482"; VariantName = "[No Variations]"
Add component (AddParameter): Name = "price"; Value = "0.21"; VariantName = "[No Variations]"
Add component (AddParameter): Name = "series"; Value = "NTC-T"; VariantName = "[No Variations]"
Add component (AddParameter): Name = "Size / Dimension"; Value = "0.126" L x 0.063" W (3.20mm x 1.60mm)"; VariantName = "[No Variations]"
Add component (AddParameter): Name = "Supplier 1"; Value = "DigiKey"; VariantName = "[No Variations]"
Add component (AddParameter): Name = "Supplier Part Number 1"; Value = "4988-NTC-T104K35TRAFCT-ND"; VariantName = "[No Variations]"
Add component (AddParameter): Name = "Tolerance"; Value = "±10%"; VariantName = "[No Variations]"
Add component (AddParameter): Name = "Type"; Value = "Molded"; VariantName = "[No Variations]"
Add component (AddParameter): Name = "Value"; Value = "100 nF"; VariantName = "[No Variations]"
Add component (AddParameter): Name = "Voltage - Rated"; Value = "35 V"; VariantName = "[No Variations]"
Added Component: Designator=C7(CAP POL 1206_3216)
Add component (AddParameter): Name = "Capacitance"; Value = "100 nF"; VariantName = "[No Variations]"
Add component (AddParameter): Name = "componentlink1description"; Value = "Datasheet"; VariantName = "[No Variations]"
Add component (AddParameter): Name = "componentlink1url"; Value = "https://www.niccomp.com/quickbuilder/qbpn.php?pNumber=NTC-T104K35TRAF"; VariantName = "[No Variations]"
Add component (AddParameter): Name = "componentlink2description"; Value = "DigiKey Link"; VariantName = "[No Variations]"
Add component (AddParameter): Name = "componentlink2url"; Value = "https://www.digikey.com/en/products/detail/nic-components-corp/NTC-T104K35TRAF/18896046"; VariantName = "[No Variations]"
Add component (AddParameter): Name = "Device Package"; Value = "1206 (3216 Metric)"; VariantName = "[No Variations]"
Add component (AddParameter): Name = "ESR (Equivalent Series Resistance)"; Value = "18Ohm @ 100kHz"; VariantName = "[No Variations]"
Add component (AddParameter): Name = "Features"; Value = "General Purpose"; VariantName = "[No Variations]"
Add component (AddParameter): Name = "Height - Seated (Max)"; Value = "0.071" (1.80mm)"; VariantName = "[No Variations]"
Add component (AddParameter): Name = "lastupdated"; Value = "2024-06-03 19:29:27"; VariantName = "[No Variations]"
Add component (AddParameter): Name = "Lifecycle Status"; Value = "Active"; VariantName = "[No Variations]"
Add component (AddParameter): Name = "Lifetime @ Temp."; Value = "2000 Hrs @ 85°C"; VariantName = "[No Variations]"
Add component (AddParameter): Name = "manufacturer"; Value = "NIC Components Corp"; VariantName = "[No Variations]"
Add component (AddParameter): Name = "Manufacturer Size Code"; Value = "A"; VariantName = "[No Variations]"
Add component (AddParameter): Name = "Minimum Order"; Value = "1"; VariantName = "[No Variations]"
Add component (AddParameter): Name = "Mounting Type"; Value = "Surface Mount"; VariantName = "[No Variations]"
Add component (AddParameter): Name = "Operating Temperature"; Value = "-55°C ~ 125°C"; VariantName = "[No Variations]"
Add component (AddParameter): Name = "Package / Case"; Value = "1206 (3216 Metric)"; VariantName = "[No Variations]"
Add component (AddParameter): Name = "packaging"; Value = "TapeAndReel"; VariantName = "[No Variations]"
Add component (AddParameter): Name = "Part Number"; Value = "NTC-T104K35TRAF"; VariantName = "[No Variations]"
Add component (AddParameter): Name = "partid"; Value = "5482"; VariantName = "[No Variations]"
Add component (AddParameter): Name = "price"; Value = "0.21"; VariantName = "[No Variations]"
Add component (AddParameter): Name = "series"; Value = "NTC-T"; VariantName = "[No Variations]"
Add component (AddParameter): Name = "Size / Dimension"; Value = "0.126" L x 0.063" W (3.20mm x 1.60mm)"; VariantName = "[No Variations]"
Add component (AddParameter): Name = "Supplier 1"; Value = "DigiKey"; VariantName = "[No Variations]"
Add component (AddParameter): Name = "Supplier Part Number 1"; Value = "4988-NTC-T104K35TRAFCT-ND"; VariantName = "[No Variations]"
Add component (AddParameter): Name = "Tolerance"; Value = "±10%"; VariantName = "[No Variations]"
Add component (AddParameter): Name = "Type"; Value = "Molded"; VariantName = "[No Variations]"
Add component (AddParameter): Name = "Value"; Value = "100 nF"; VariantName = "[No Variations]"
Add component (AddParameter): Name = "Voltage - Rated"; Value = "35 V"; VariantName = "[No Variations]"
Added Component: Designator=C8(CAP POL 1206_3216)
Add component (AddParameter): Name = "Capacitance"; Value = "100 nF"; VariantName = "[No Variations]"
Add component (AddParameter): Name = "componentlink1description"; Value = "Datasheet"; VariantName = "[No Variations]"
Add component (AddParameter): Name = "componentlink1url"; Value = "https://www.niccomp.com/quickbuilder/qbpn.php?pNumber=NTC-T104K35TRAF"; VariantName = "[No Variations]"
Add component (AddParameter): Name = "componentlink2description"; Value = "DigiKey Link"; VariantName = "[No Variations]"
Add component (AddParameter): Name = "componentlink2url"; Value = "https://www.digikey.com/en/products/detail/nic-components-corp/NTC-T104K35TRAF/18896046"; VariantName = "[No Variations]"
Add component (AddParameter): Name = "Device Package"; Value = "1206 (3216 Metric)"; VariantName = "[No Variations]"
Add component (AddParameter): Name = "ESR (Equivalent Series Resistance)"; Value = "18Ohm @ 100kHz"; VariantName = "[No Variations]"
Add component (AddParameter): Name = "Features"; Value = "General Purpose"; VariantName = "[No Variations]"
Add component (AddParameter): Name = "Height - Seated (Max)"; Value = "0.071" (1.80mm)"; VariantName = "[No Variations]"
Add component (AddParameter): Name = "lastupdated"; Value = "2024-06-03 19:29:27"; VariantName = "[No Variations]"
Add component (AddParameter): Name = "Lifecycle Status"; Value = "Active"; VariantName = "[No Variations]"
Add component (AddParameter): Name = "Lifetime @ Temp."; Value = "2000 Hrs @ 85°C"; VariantName = "[No Variations]"
Add component (AddParameter): Name = "manufacturer"; Value = "NIC Components Corp"; VariantName = "[No Variations]"
Add component (AddParameter): Name = "Manufacturer Size Code"; Value = "A"; VariantName = "[No Variations]"
Add component (AddParameter): Name = "Minimum Order"; Value = "1"; VariantName = "[No Variations]"
Add component (AddParameter): Name = "Mounting Type"; Value = "Surface Mount"; VariantName = "[No Variations]"
Add component (AddParameter): Name = "Operating Temperature"; Value = "-55°C ~ 125°C"; VariantName = "[No Variations]"
Add component (AddParameter): Name = "Package / Case"; Value = "1206 (3216 Metric)"; VariantName = "[No Variations]"
Add component (AddParameter): Name = "packaging"; Value = "TapeAndReel"; VariantName = "[No Variations]"
Add component (AddParameter): Name = "Part Number"; Value = "NTC-T104K35TRAF"; VariantName = "[No Variations]"
Add component (AddParameter): Name = "partid"; Value = "5482"; VariantName = "[No Variations]"
Add component (AddParameter): Name = "price"; Value = "0.21"; VariantName = "[No Variations]"
Add component (AddParameter): Name = "series"; Value = "NTC-T"; VariantName = "[No Variations]"
Add component (AddParameter): Name = "Size / Dimension"; Value = "0.126" L x 0.063" W (3.20mm x 1.60mm)"; VariantName = "[No Variations]"
Add component (AddParameter): Name = "Supplier 1"; Value = "DigiKey"; VariantName = "[No Variations]"
Add component (AddParameter): Name = "Supplier Part Number 1"; Value = "4988-NTC-T104K35TRAFCT-ND"; VariantName = "[No Variations]"
Add component (AddParameter): Name = "Tolerance"; Value = "±10%"; VariantName = "[No Variations]"
Add component (AddParameter): Name = "Type"; Value = "Molded"; VariantName = "[No Variations]"
Add component (AddParameter): Name = "Value"; Value = "100 nF"; VariantName = "[No Variations]"
Add component (AddParameter): Name = "Voltage - Rated"; Value = "35 V"; VariantName = "[No Variations]"
Added Component: Designator=C9(CAP POL 1206_3216)
Add component (AddParameter): Name = "Capacitance"; Value = "100 nF"; VariantName = "[No Variations]"
Add component (AddParameter): Name = "componentlink1description"; Value = "Datasheet"; VariantName = "[No Variations]"
Add component (AddParameter): Name = "componentlink1url"; Value = "https://www.niccomp.com/quickbuilder/qbpn.php?pNumber=NTC-T104K35TRAF"; VariantName = "[No Variations]"
Add component (AddParameter): Name = "componentlink2description"; Value = "DigiKey Link"; VariantName = "[No Variations]"
Add component (AddParameter): Name = "componentlink2url"; Value = "https://www.digikey.com/en/products/detail/nic-components-corp/NTC-T104K35TRAF/18896046"; VariantName = "[No Variations]"
Add component (AddParameter): Name = "Device Package"; Value = "1206 (3216 Metric)"; VariantName = "[No Variations]"
Add component (AddParameter): Name = "ESR (Equivalent Series Resistance)"; Value = "18Ohm @ 100kHz"; VariantName = "[No Variations]"
Add component (AddParameter): Name = "Features"; Value = "General Purpose"; VariantName = "[No Variations]"
Add component (AddParameter): Name = "Height - Seated (Max)"; Value = "0.071" (1.80mm)"; VariantName = "[No Variations]"
Add component (AddParameter): Name = "lastupdated"; Value = "2024-06-03 19:29:27"; VariantName = "[No Variations]"
Add component (AddParameter): Name = "Lifecycle Status"; Value = "Active"; VariantName = "[No Variations]"
Add component (AddParameter): Name = "Lifetime @ Temp."; Value = "2000 Hrs @ 85°C"; VariantName = "[No Variations]"
Add component (AddParameter): Name = "manufacturer"; Value = "NIC Components Corp"; VariantName = "[No Variations]"
Add component (AddParameter): Name = "Manufacturer Size Code"; Value = "A"; VariantName = "[No Variations]"
Add component (AddParameter): Name = "Minimum Order"; Value = "1"; VariantName = "[No Variations]"
Add component (AddParameter): Name = "Mounting Type"; Value = "Surface Mount"; VariantName = "[No Variations]"
Add component (AddParameter): Name = "Operating Temperature"; Value = "-55°C ~ 125°C"; VariantName = "[No Variations]"
Add component (AddParameter): Name = "Package / Case"; Value = "1206 (3216 Metric)"; VariantName = "[No Variations]"
Add component (AddParameter): Name = "packaging"; Value = "TapeAndReel"; VariantName = "[No Variations]"
Add component (AddParameter): Name = "Part Number"; Value = "NTC-T104K35TRAF"; VariantName = "[No Variations]"
Add component (AddParameter): Name = "partid"; Value = "5482"; VariantName = "[No Variations]"
Add component (AddParameter): Name = "price"; Value = "0.21"; VariantName = "[No Variations]"
Add component (AddParameter): Name = "series"; Value = "NTC-T"; VariantName = "[No Variations]"
Add component (AddParameter): Name = "Size / Dimension"; Value = "0.126" L x 0.063" W (3.20mm x 1.60mm)"; VariantName = "[No Variations]"
Add component (AddParameter): Name = "Supplier 1"; Value = "DigiKey"; VariantName = "[No Variations]"
Add component (AddParameter): Name = "Supplier Part Number 1"; Value = "4988-NTC-T104K35TRAFCT-ND"; VariantName = "[No Variations]"
Add component (AddParameter): Name = "Tolerance"; Value = "±10%"; VariantName = "[No Variations]"
Add component (AddParameter): Name = "Type"; Value = "Molded"; VariantName = "[No Variations]"
Add component (AddParameter): Name = "Value"; Value = "100 nF"; VariantName = "[No Variations]"
Add component (AddParameter): Name = "Voltage - Rated"; Value = "35 V"; VariantName = "[No Variations]"
Added Component: Designator=C10(CAP POL 1206_3216)
Add component (AddParameter): Name = "Capacitance"; Value = "100 nF"; VariantName = "[No Variations]"
Add component (AddParameter): Name = "componentlink1description"; Value = "Datasheet"; VariantName = "[No Variations]"
Add component (AddParameter): Name = "componentlink1url"; Value = "https://www.niccomp.com/quickbuilder/qbpn.php?pNumber=NTC-T104K35TRAF"; VariantName = "[No Variations]"
Add component (AddParameter): Name = "componentlink2description"; Value = "DigiKey Link"; VariantName = "[No Variations]"
Add component (AddParameter): Name = "componentlink2url"; Value = "https://www.digikey.com/en/products/detail/nic-components-corp/NTC-T104K35TRAF/18896046"; VariantName = "[No Variations]"
Add component (AddParameter): Name = "Device Package"; Value = "1206 (3216 Metric)"; VariantName = "[No Variations]"
Add component (AddParameter): Name = "ESR (Equivalent Series Resistance)"; Value = "18Ohm @ 100kHz"; VariantName = "[No Variations]"
Add component (AddParameter): Name = "Features"; Value = "General Purpose"; VariantName = "[No Variations]"
Add component (AddParameter): Name = "Height - Seated (Max)"; Value = "0.071" (1.80mm)"; VariantName = "[No Variations]"
Add component (AddParameter): Name = "lastupdated"; Value = "2024-06-03 19:29:27"; VariantName = "[No Variations]"
Add component (AddParameter): Name = "Lifecycle Status"; Value = "Active"; VariantName = "[No Variations]"
Add component (AddParameter): Name = "Lifetime @ Temp."; Value = "2000 Hrs @ 85°C"; VariantName = "[No Variations]"
Add component (AddParameter): Name = "manufacturer"; Value = "NIC Components Corp"; VariantName = "[No Variations]"
Add component (AddParameter): Name = "Manufacturer Size Code"; Value = "A"; VariantName = "[No Variations]"
Add component (AddParameter): Name = "Minimum Order"; Value = "1"; VariantName = "[No Variations]"
Add component (AddParameter): Name = "Mounting Type"; Value = "Surface Mount"; VariantName = "[No Variations]"
Add component (AddParameter): Name = "Operating Temperature"; Value = "-55°C ~ 125°C"; VariantName = "[No Variations]"
Add component (AddParameter): Name = "Package / Case"; Value = "1206 (3216 Metric)"; VariantName = "[No Variations]"
Add component (AddParameter): Name = "packaging"; Value = "TapeAndReel"; VariantName = "[No Variations]"
Add component (AddParameter): Name = "Part Number"; Value = "NTC-T104K35TRAF"; VariantName = "[No Variations]"
Add component (AddParameter): Name = "partid"; Value = "5482"; VariantName = "[No Variations]"
Add component (AddParameter): Name = "price"; Value = "0.21"; VariantName = "[No Variations]"
Add component (AddParameter): Name = "series"; Value = "NTC-T"; VariantName = "[No Variations]"
Add component (AddParameter): Name = "Size / Dimension"; Value = "0.126" L x 0.063" W (3.20mm x 1.60mm)"; VariantName = "[No Variations]"
Add component (AddParameter): Name = "Supplier 1"; Value = "DigiKey"; VariantName = "[No Variations]"
Add component (AddParameter): Name = "Supplier Part Number 1"; Value = "4988-NTC-T104K35TRAFCT-ND"; VariantName = "[No Variations]"
Add component (AddParameter): Name = "Tolerance"; Value = "±10%"; VariantName = "[No Variations]"
Add component (AddParameter): Name = "Type"; Value = "Molded"; VariantName = "[No Variations]"
Add component (AddParameter): Name = "Value"; Value = "100 nF"; VariantName = "[No Variations]"
Add component (AddParameter): Name = "Voltage - Rated"; Value = "35 V"; VariantName = "[No Variations]"
Added Component: Designator=C11(CAP POL 1206_3216)
Add component (AddParameter): Name = "Capacitance"; Value = "100 nF"; VariantName = "[No Variations]"
Add component (AddParameter): Name = "componentlink1description"; Value = "Datasheet"; VariantName = "[No Variations]"
Add component (AddParameter): Name = "componentlink1url"; Value = "https://www.niccomp.com/quickbuilder/qbpn.php?pNumber=NTC-T104K35TRAF"; VariantName = "[No Variations]"
Add component (AddParameter): Name = "componentlink2description"; Value = "DigiKey Link"; VariantName = "[No Variations]"
Add component (AddParameter): Name = "componentlink2url"; Value = "https://www.digikey.com/en/products/detail/nic-components-corp/NTC-T104K35TRAF/18896046"; VariantName = "[No Variations]"
Add component (AddParameter): Name = "Device Package"; Value = "1206 (3216 Metric)"; VariantName = "[No Variations]"
Add component (AddParameter): Name = "ESR (Equivalent Series Resistance)"; Value = "18Ohm @ 100kHz"; VariantName = "[No Variations]"
Add component (AddParameter): Name = "Features"; Value = "General Purpose"; VariantName = "[No Variations]"
Add component (AddParameter): Name = "Height - Seated (Max)"; Value = "0.071" (1.80mm)"; VariantName = "[No Variations]"
Add component (AddParameter): Name = "lastupdated"; Value = "2024-06-03 19:29:27"; VariantName = "[No Variations]"
Add component (AddParameter): Name = "Lifecycle Status"; Value = "Active"; VariantName = "[No Variations]"
Add component (AddParameter): Name = "Lifetime @ Temp."; Value = "2000 Hrs @ 85°C"; VariantName = "[No Variations]"
Add component (AddParameter): Name = "manufacturer"; Value = "NIC Components Corp"; VariantName = "[No Variations]"
Add component (AddParameter): Name = "Manufacturer Size Code"; Value = "A"; VariantName = "[No Variations]"
Add component (AddParameter): Name = "Minimum Order"; Value = "1"; VariantName = "[No Variations]"
Add component (AddParameter): Name = "Mounting Type"; Value = "Surface Mount"; VariantName = "[No Variations]"
Add component (AddParameter): Name = "Operating Temperature"; Value = "-55°C ~ 125°C"; VariantName = "[No Variations]"
Add component (AddParameter): Name = "Package / Case"; Value = "1206 (3216 Metric)"; VariantName = "[No Variations]"
Add component (AddParameter): Name = "packaging"; Value = "TapeAndReel"; VariantName = "[No Variations]"
Add component (AddParameter): Name = "Part Number"; Value = "NTC-T104K35TRAF"; VariantName = "[No Variations]"
Add component (AddParameter): Name = "partid"; Value = "5482"; VariantName = "[No Variations]"
Add component (AddParameter): Name = "price"; Value = "0.21"; VariantName = "[No Variations]"
Add component (AddParameter): Name = "series"; Value = "NTC-T"; VariantName = "[No Variations]"
Add component (AddParameter): Name = "Size / Dimension"; Value = "0.126" L x 0.063" W (3.20mm x 1.60mm)"; VariantName = "[No Variations]"
Add component (AddParameter): Name = "Supplier 1"; Value = "DigiKey"; VariantName = "[No Variations]"
Add component (AddParameter): Name = "Supplier Part Number 1"; Value = "4988-NTC-T104K35TRAFCT-ND"; VariantName = "[No Variations]"
Add component (AddParameter): Name = "Tolerance"; Value = "±10%"; VariantName = "[No Variations]"
Add component (AddParameter): Name = "Type"; Value = "Molded"; VariantName = "[No Variations]"
Add component (AddParameter): Name = "Value"; Value = "100 nF"; VariantName = "[No Variations]"
Add component (AddParameter): Name = "Voltage - Rated"; Value = "35 V"; VariantName = "[No Variations]"
Added Component: Designator=Q1(FP-SOT23-MFG)
Add component (AddParameter): Name = "Automotive"; Value = "No"; VariantName = "[No Variations]"
Add component (AddParameter): Name = "Category"; Value = "Trans"; VariantName = "[No Variations]"
Add component (AddParameter): Name = "ComponentLink2Description"; Value = "Datasheet"; VariantName = "[No Variations]"
Add component (AddParameter): Name = "ComponentLink2URL"; Value = "https://www.diodes.com/assets/Datasheets/DMN6140L.pdf"; VariantName = "[No Variations]"
Add component (AddParameter): Name = "Continuous Drain Current"; Value = "1.6A"; VariantName = "[No Variations]"
Add component (AddParameter): Name = "Depletion Mode"; Value = "False"; VariantName = "[No Variations]"
Add component (AddParameter): Name = "Device Class L1"; Value = "Discrete Semiconductors"; VariantName = "[No Variations]"
Add component (AddParameter): Name = "Device Class L2"; Value = "Transistors"; VariantName = "[No Variations]"
Add component (AddParameter): Name = "Device Class L3"; Value = "MOSFETs"; VariantName = "[No Variations]"
Add component (AddParameter): Name = "Digikey Description"; Value = "MOSFET N-CH 60V 1.6A SOT23"; VariantName = "[No Variations]"
Add component (AddParameter): Name = "Drain To Source Breakdown Voltage"; Value = "60V"; VariantName = "[No Variations]"
Add component (AddParameter): Name = "Drain To Source Resistance"; Value = "92mO"; VariantName = "[No Variations]"
Add component (AddParameter): Name = "Drain To Source Voltage"; Value = "60V"; VariantName = "[No Variations]"
Add component (AddParameter): Name = "Footprint Url"; Value = "https://www.diodes.com/assets/Package-Files/SOT23.pdf"; VariantName = "[No Variations]"
Add component (AddParameter): Name = "Gate Charge At Vgs"; Value = "8.6nC @ 10V"; VariantName = "[No Variations]"
Add component (AddParameter): Name = "Gate To Source Voltage"; Value = "20V"; VariantName = "[No Variations]"
Add component (AddParameter): Name = "Height"; Value = "1.1mm"; VariantName = "[No Variations]"
Add component (AddParameter): Name = "Input Capacitace At Vds"; Value = "315pF @ 40V"; VariantName = "[No Variations]"
Add component (AddParameter): Name = "Lead Free"; Value = "Yes"; VariantName = "[No Variations]"
Add component (AddParameter): Name = "Manufacturer"; Value = "Diodes Inc."; VariantName = "[No Variations]"
Add component (AddParameter): Name = "Manufacturer Part Number"; Value = "DMN6140L-13"; VariantName = "[No Variations]"
Add component (AddParameter): Name = "Max Forward Diode Voltage"; Value = "1V"; VariantName = "[No Variations]"
Add component (AddParameter): Name = "Max Junction Temp"; Value = "+150°C"; VariantName = "[No Variations]"
Add component (AddParameter): Name = "Mouser Description"; Value = "MOSFET 31V to 99V N-Ch FET 60Vds 20Vgs 2.3A"; VariantName = "[No Variations]"
Add component (AddParameter): Name = "Number Of Channels"; Value = "1"; VariantName = "[No Variations]"
Add component (AddParameter): Name = "Number Of N Channels"; Value = "1"; VariantName = "[No Variations]"
Add component (AddParameter): Name = "Octopart"; Value = "https://octopart.com/dmn6140l-13-diodes+inc.-38898616"; VariantName = "[No Variations]"
Add component (AddParameter): Name = "Package"; Value = "SOT23"; VariantName = "[No Variations]"
Add component (AddParameter): Name = "Power Dissipation"; Value = "0.7W"; VariantName = "[No Variations]"
Add component (AddParameter): Name = "Pulse Drain Current"; Value = "10A"; VariantName = "[No Variations]"
Add component (AddParameter): Name = "Reverse Recovery Charge"; Value = "9nC"; VariantName = "[No Variations]"
Add component (AddParameter): Name = "Reverse Recovery Time"; Value = "16.8ns"; VariantName = "[No Variations]"
Add component (AddParameter): Name = "RoHS"; Value = "TRUE"; VariantName = "[No Variations]"
Add component (AddParameter): Name = "Rthja Max"; Value = "183°C/W"; VariantName = "[No Variations]"
Add component (AddParameter): Name = "Standoff Height"; Value = "0.013mm"; VariantName = "[No Variations]"
Add component (AddParameter): Name = "Temperature"; Value = "-55°C to +150°C"; VariantName = "[No Variations]"
Add component (AddParameter): Name = "Temperature Range High"; Value = "+150°C"; VariantName = "[No Variations]"
Add component (AddParameter): Name = "Temperature Range Low"; Value = "-55°C"; VariantName = "[No Variations]"
Add component (AddParameter): Name = "Threshold Vgs Max"; Value = "3V"; VariantName = "[No Variations]"
Add component (AddParameter): Name = "Threshold Vgs Min"; Value = "1V"; VariantName = "[No Variations]"
Add component (AddParameter): Name = "Turn Off Delay Time"; Value = "16.3ns"; VariantName = "[No Variations]"
Add component (AddParameter): Name = "Turn On Delay Time"; Value = "2.6ns"; VariantName = "[No Variations]"
Add component (AddParameter): Name = "Typ Forward Diode Voltage"; Value = "0.75V"; VariantName = "[No Variations]"
Added Component: Designator=R3(Res_Template)
Added Component: Designator=R10(Res_Template)
Added Component: Designator=R19(Res_Template)
Added Component: Designator=R26(Res_Template)
Added Component: Designator=R27(Res_Template)
Added Component: Designator=R28(Res_Template)
Add Component: Footprint Not Found XCVR_ESP32-C3-DEVKITC-02
Add Component: Footprint Not Found XCVR_ESP32-C3-DEVKITC-02
Add Component: Footprint Not Found XCVR_ESP32-C3-DEVKITC-02
Added Pin To Net: NetName=GND Pin=C1-2
Added Pin To Net: NetName=GND Pin=C2-2
Added Pin To Net: NetName=GND Pin=C3-2
Added Pin To Net: NetName=NetM1_2 Pin=C4-1
Added Pin To Net: NetName=GND Pin=C4-2
Added Pin To Net: NetName=GND Pin=C5-2
Added Pin To Net: NetName=NetM2_2 Pin=C6-1
Added Pin To Net: NetName=GND Pin=C6-2
Added Pin To Net: NetName=GND Pin=C7-2
Added Pin To Net: NetName=NetM3_2 Pin=C8-1
Added Pin To Net: NetName=GND Pin=C8-2
Added Pin To Net: NetName=GND Pin=C9-2
Added Pin To Net: NetName=NetM4_2 Pin=C10-1
Added Pin To Net: NetName=GND Pin=C10-2
Added Pin To Net: NetName=GND Pin=C11-2
Added Pin To Net: NetName=GND Pin=Q1-2
Added Pin To Net: NetName=NetJ22_2 Pin=Q1-3
Added Pin To Net: NetName=Reset_Switch Pin=R3-1
Added Pin To Net: NetName=3V3 Pin=R3-2
Added Pin To Net: NetName=Reset_Croco Pin=R10-1
Added Pin To Net: NetName=3V3 Pin=R10-2
Added Pin To Net: NetName=Reset_Pot Pin=R19-1
Added Pin To Net: NetName=3V3 Pin=R19-2
Added Pin To Net: NetName=NetJ22_3 Pin=R26-1
Added Pin To Net: NetName=5V Pin=R26-2
Added Pin To Net: NetName=5V Pin=R27-2
Added Pin To Net: NetName=GND Pin=R28-1
Add Pin To Net: Unknown Pin: Pin U1-1
Add Pin To Net: Unknown Pin: Pin U1-2
Add Pin To Net: Unknown Pin: Pin U1-3
Add Pin To Net: Unknown Pin: Pin U1-4
Add Pin To Net: Unknown Pin: Pin U1-5
Add Pin To Net: Unknown Pin: Pin U1-6
Add Pin To Net: Unknown Pin: Pin U1-7
Add Pin To Net: Unknown Pin: Pin U1-8
Add Pin To Net: Unknown Pin: Pin U1-9
Add Pin To Net: Unknown Pin: Pin U1-10
Add Pin To Net: Unknown Pin: Pin U1-15
Add Pin To Net: Unknown Pin: Pin U1-16
Add Pin To Net: Unknown Pin: Pin U1-17
Add Pin To Net: Unknown Pin: Pin U1-18
Add Pin To Net: Unknown Pin: Pin U1-19
Add Pin To Net: Unknown Pin: Pin U1-20
Add Pin To Net: Unknown Pin: Pin U1-23
Add Pin To Net: Unknown Pin: Pin U1-25
Add Pin To Net: Unknown Pin: Pin U1-26
Add Pin To Net: Unknown Pin: Pin U1-27
Add Pin To Net: Unknown Pin: Pin U1-28
Add Pin To Net: Unknown Pin: Pin U1-29
Add Pin To Net: Unknown Pin: Pin U1-30
Add Pin To Net: Unknown Pin: Pin U2-1
Add Pin To Net: Unknown Pin: Pin U2-2
Add Pin To Net: Unknown Pin: Pin U2-3
Add Pin To Net: Unknown Pin: Pin U2-4
Add Pin To Net: Unknown Pin: Pin U2-5
Add Pin To Net: Unknown Pin: Pin U2-6
Add Pin To Net: Unknown Pin: Pin U2-7
Add Pin To Net: Unknown Pin: Pin U2-8
Add Pin To Net: Unknown Pin: Pin U2-9
Add Pin To Net: Unknown Pin: Pin U2-10
Add Pin To Net: Unknown Pin: Pin U2-15
Add Pin To Net: Unknown Pin: Pin U2-16
Add Pin To Net: Unknown Pin: Pin U2-17
Add Pin To Net: Unknown Pin: Pin U2-18
Add Pin To Net: Unknown Pin: Pin U2-19
Add Pin To Net: Unknown Pin: Pin U2-20
Add Pin To Net: Unknown Pin: Pin U2-23
Add Pin To Net: Unknown Pin: Pin U2-25
Add Pin To Net: Unknown Pin: Pin U2-26
Add Pin To Net: Unknown Pin: Pin U2-27
Add Pin To Net: Unknown Pin: Pin U2-28
Add Pin To Net: Unknown Pin: Pin U2-29
Add Pin To Net: Unknown Pin: Pin U2-30
Add Pin To Net: Unknown Pin: Pin U3-1
Add Pin To Net: Unknown Pin: Pin U3-2
Add Pin To Net: Unknown Pin: Pin U3-3
Add Pin To Net: Unknown Pin: Pin U3-4
Add Pin To Net: Unknown Pin: Pin U3-5
Add Pin To Net: Unknown Pin: Pin U3-8
Add Pin To Net: Unknown Pin: Pin U3-9
Add Pin To Net: Unknown Pin: Pin U3-10
Add Pin To Net: Unknown Pin: Pin U3-15
Add Pin To Net: Unknown Pin: Pin U3-16
Add Pin To Net: Unknown Pin: Pin U3-17
Add Pin To Net: Unknown Pin: Pin U3-20
Add Pin To Net: Unknown Pin: Pin U3-23
Add Pin To Net: Unknown Pin: Pin U3-25
Add Pin To Net: Unknown Pin: Pin U3-30
Added Pin To Net: NetName=5V Pin=U4-4
Added Pin To Net: NetName=NetJ19_1 Pin=U4-17
Added Pin To Net: NetName=NetJ22_3 Pin=U4-33
Change Net Name : Old Net Name=NetJ19_1 New Net Name=3V3
Change Net Name : Old Net Name=NetM1_2 New Net Name=NetC4_1
Change Net Name : Old Net Name=NetM2_2 New Net Name=NetC6_1
Change Net Name : Old Net Name=NetM3_2 New Net Name=NetC8_1
Change Net Name : Old Net Name=NetM4_2 New Net Name=NetC10_1
Added Pin To Net: NetName=NetC1_1 Pin=C1-1
Added Pin To Net: NetName=NetC1_1 Pin=J13-2
Added Pin To Net: NetName=NetC1_1 Pin=J16-1
Added Net: Name=NetC1_1
Added Pin To Net: NetName=NetC2_1 Pin=C2-1
Added Pin To Net: NetName=NetC2_1 Pin=J14-2
Added Pin To Net: NetName=NetC2_1 Pin=J16-2
Added Net: Name=NetC2_1
Added Pin To Net: NetName=NetC3_1 Pin=C3-1
Added Pin To Net: NetName=NetC3_1 Pin=J15-2
Added Pin To Net: NetName=NetC3_1 Pin=J16-3
Added Net: Name=NetC3_1
Added Pin To Net: NetName=NetC5_1 Pin=C5-1
Added Pin To Net: NetName=NetC5_1 Pin=J17-3
Added Pin To Net: NetName=NetC5_1 Pin=M1-4
Added Net: Name=NetC5_1
Added Pin To Net: NetName=NetC7_1 Pin=C7-1
Added Pin To Net: NetName=NetC7_1 Pin=J18-3
Added Pin To Net: NetName=NetC7_1 Pin=M2-4
Added Net: Name=NetC7_1
Added Pin To Net: NetName=NetC9_1 Pin=C9-1
Added Pin To Net: NetName=NetC9_1 Pin=J20-3
Added Pin To Net: NetName=NetC9_1 Pin=M3-4
Added Net: Name=NetC9_1
Added Pin To Net: NetName=NetC11_1 Pin=C11-1
Added Pin To Net: NetName=NetC11_1 Pin=J21-3
Added Pin To Net: NetName=NetC11_1 Pin=M4-4
Added Net: Name=NetC11_1
Added Pin To Net: NetName=NetJ22_1 Pin=J22-1
Added Pin To Net: NetName=NetJ22_1 Pin=R27-1
Added Net: Name=NetJ22_1
Added Pin To Net: NetName=NetQ1_1 Pin=Q1-1
Added Pin To Net: NetName=NetQ1_1 Pin=R28-2
Added Pin To Net: NetName=NetQ1_1 Pin=U4-37
Added Net: Name=NetQ1_1
Added Member To Class: ClassName=Énigme3_Potentiomètres Member=Component C1 100 nF
Added Member To Class: ClassName=Énigme3_Potentiomètres Member=Component C2 100 nF
Added Member To Class: ClassName=Énigme3_Potentiomètres Member=Component C3 100 nF
Added Member To Class: ClassName=Raspberry_Pi_4_ModelB Member=Component C4 100 nF
Added Member To Class: ClassName=Raspberry_Pi_4_ModelB Member=Component C5 100 nF
Added Member To Class: ClassName=Raspberry_Pi_4_ModelB Member=Component C6 100 nF
Added Member To Class: ClassName=Raspberry_Pi_4_ModelB Member=Component C7 100 nF
Added Member To Class: ClassName=Raspberry_Pi_4_ModelB Member=Component C8 100 nF
Added Member To Class: ClassName=Raspberry_Pi_4_ModelB Member=Component C9 100 nF
Added Member To Class: ClassName=Raspberry_Pi_4_ModelB Member=Component C10 100 nF
Added Member To Class: ClassName=Raspberry_Pi_4_ModelB Member=Component C11 100 nF
Added Member To Class: ClassName=Raspberry_Pi_4_ModelB Member=Component Q1 DMN6140L-13
Added Member To Class: ClassName=Énigme1_Switch Member=Component R9 10 Kohm
Added Member To Class: ClassName=Énigme2_Crocodile Member=Component R18 10 Kohm
Added Member To Class: ClassName=Énigme3_Potentiomètres Member=Component R19 10 Kohm
Added Member To Class: ClassName=Raspberry_Pi_4_ModelB Member=Component R26 4.7 Kohm
Added Member To Class: ClassName=Raspberry_Pi_4_ModelB Member=Component R27  90 ohm
Added Member To Class: ClassName=Raspberry_Pi_4_ModelB Member=Component R28 4.7 Kohm
Add Class Member: Failed to add class member : Component U1 ESP32-C3-DEVKITC-02
Add Class Member: Failed to add class member : Component U2 ESP32-C3-DEVKITC-02
Add Class Member: Failed to add class member : Component U3 ESP32-C3-DEVKITC-02
