Removed Pin From Net: NetName=PIN_CROCO_18 Pin=J11-7
Removed Pin From Net: NetName=PIN_CROCO_19 Pin=J11-8
Removed Pin From Net: NetName=3V3 Pin=U5-1
Removed Pin From Net: NetName=VUSB Pin=U5-2
Removed Pin From Net: NetName=SDA Pin=U5-3
Removed Pin From Net: NetName=VUSB Pin=U5-4
Removed Pin From Net: NetName=SCL Pin=U5-5
Removed Pin From Net: NetName=GND Pin=U5-6
Removed Pin From Net: NetName=GND Pin=U5-9
Removed Pin From Net: NetName=PIN_PI_17 Pin=U5-11
Removed Pin From Net: NetName=PIN_PI_18 Pin=U5-12
Removed Pin From Net: NetName=PIN_PI_27 Pin=U5-13
Removed Pin From Net: NetName=GND Pin=U5-14
Removed Pin From Net: NetName=PIN_PI_22 Pin=U5-15
Removed Pin From Net: NetName=PIN_PI_23 Pin=U5-16
Removed Pin From Net: NetName=3V3 Pin=U5-17
Removed Pin From Net: NetName=PIN_PI_24 Pin=U5-18
Removed Pin From Net: NetName=PIN_PI_10 Pin=U5-19
Removed Pin From Net: NetName=GND Pin=U5-20
Removed Pin From Net: NetName=GND Pin=U5-25
Removed Pin From Net: NetName=GND Pin=U5-30
Removed Pin From Net: NetName=PIN_PI_12 Pin=U5-32
Removed Pin From Net: NetName=PIN_PI_13 Pin=U5-33
Removed Pin From Net: NetName=GND Pin=U5-34
Removed Pin From Net: NetName=Reset_Pot Pin=U5-35
Removed Pin From Net: NetName=Reset_Switch Pin=U5-36
Removed Pin From Net: NetName=PIN_PI_26 Pin=U5-37
Removed Pin From Net: NetName=Reset_Croco Pin=U5-38
Removed Pin From Net: NetName=GND Pin=U5-39
Removed Pin From Net: NetName=PIN_PI_21 Pin=U5-40
Removed Pin From Net: NetName=GND Pin=U5-S1
Removed Pin From Net: NetName=GND Pin=U5-S2
Removed Pin From Net: NetName=GND Pin=U5-S4
Added Component: Designator=U4(MODULE_RASPBERRY_PI_4B_4GB)
Add component (AddParameter): Name = "Availability"; Value = "In Stock"; VariantName = "[No Variations]"
Add component (AddParameter): Name = "Check_prices"; Value = "https://www.snapeda.com/parts/RASPBERRY%20PI%204B/4GB/Raspberry+Pi/view-part/?ref=eda"; VariantName = "[No Variations]"
Add component (AddParameter): Name = "MF"; Value = "Raspberry Pi"; VariantName = "[No Variations]"
Add component (AddParameter): Name = "MP"; Value = "RASPBERRY PI 4B/4GB"; VariantName = "[No Variations]"
Add component (AddParameter): Name = "Package"; Value = "None"; VariantName = "[No Variations]"
Add component (AddParameter): Name = "Price"; Value = "None"; VariantName = "[No Variations]"
Add component (AddParameter): Name = "Purchase-URL"; Value = "https://pricing.snapeda.com/search/part/RASPBERRY PI 4B/4GB/?ref=eda"; VariantName = "[No Variations]"
Add component (AddParameter): Name = "SnapEDA_Link"; Value = "https://www.snapeda.com/parts/RASPBERRY%20PI%204B/4GB/Raspberry+Pi/view-part/?ref=snap"; VariantName = "[No Variations]"
Add component (AddParameter): Name = "Value"; Value = ""; VariantName = "[No Variations]"
Added Pin To Net: NetName=PIN_CROCO_19 Pin=J11-7
Added Pin To Net: NetName=PIN_CROCO_18 Pin=J11-8
Added Pin To Net: NetName=3V3 Pin=U4-1
Added Pin To Net: NetName=VUSB Pin=U4-2
Added Pin To Net: NetName=SDA Pin=U4-3
Added Pin To Net: NetName=VUSB Pin=U4-4
Added Pin To Net: NetName=SCL Pin=U4-5
Added Pin To Net: NetName=GND Pin=U4-6
Added Pin To Net: NetName=GND Pin=U4-9
Added Pin To Net: NetName=PIN_PI_17 Pin=U4-11
Added Pin To Net: NetName=PIN_PI_18 Pin=U4-12
Added Pin To Net: NetName=PIN_PI_27 Pin=U4-13
Added Pin To Net: NetName=GND Pin=U4-14
Added Pin To Net: NetName=PIN_PI_22 Pin=U4-15
Added Pin To Net: NetName=PIN_PI_23 Pin=U4-16
Added Pin To Net: NetName=3V3 Pin=U4-17
Added Pin To Net: NetName=PIN_PI_24 Pin=U4-18
Added Pin To Net: NetName=PIN_PI_10 Pin=U4-19
Added Pin To Net: NetName=GND Pin=U4-20
Added Pin To Net: NetName=GND Pin=U4-25
Added Pin To Net: NetName=GND Pin=U4-30
Added Pin To Net: NetName=PIN_PI_12 Pin=U4-32
Added Pin To Net: NetName=PIN_PI_13 Pin=U4-33
Added Pin To Net: NetName=GND Pin=U4-34
Added Pin To Net: NetName=Reset_Pot Pin=U4-35
Added Pin To Net: NetName=Reset_Switch Pin=U4-36
Added Pin To Net: NetName=PIN_PI_26 Pin=U4-37
Added Pin To Net: NetName=Reset_Croco Pin=U4-38
Added Pin To Net: NetName=GND Pin=U4-39
Added Pin To Net: NetName=PIN_PI_21 Pin=U4-40
Added Pin To Net: NetName=GND Pin=U4-S1
Added Pin To Net: NetName=GND Pin=U4-S2
Added Pin To Net: NetName=GND Pin=U4-S3
Added Pin To Net: NetName=GND Pin=U4-S4
Added Member To Class: ClassName=Alimentation_USB_Header Member=Component J23 USB4120-03-C
Added Member To Class: ClassName=Raspberry_Pi_4_ModelB Member=Component J24 B4B-XH-A(LF)(SN)
Added Member To Class: ClassName=Raspberry_Pi_4_ModelB Member=Component J25 B4B-XH-A(LF)(SN)
Added Member To Class: ClassName=Raspberry_Pi_4_ModelB Member=Component J26 B4B-XH-A(LF)(SN)
Added Member To Class: ClassName=Raspberry_Pi_4_ModelB Member=Component J27 B4B-XH-A(LF)(SN)
Added Member To Class: ClassName=Raspberry_Pi_4_ModelB Member=Component J28 B4B-XH-A(LF)(SN)
Added Member To Class: ClassName=Alimentation_USB_Header Member=Component R29 5.1 Kohm
Added Member To Class: ClassName=Alimentation_USB_Header Member=Component R30 5.1 Kohm
Added Member To Class: ClassName=Raspberry_Pi_4_ModelB Member=Component U4 RASPBERRY_PI_4B_4GB
Added Room: Name=Alimentation_USB_Header
